<?xml version="1.0" encoding="UTF-8"?>
<!-- Generated by org.testng.reporters.JUnitReportReporter -->
<testsuite hostname="DESKTOP-7M048UE" failures="0" tests="1" name="scrollPage.ScrollUPAndDown" time="16.188" errors="0" timestamp="16 Dec 2019 05:17:48 GMT" skipped="0">
  <testcase classname="scrollPage.ScrollUPAndDown" name="test1" time="16.188"/>
</testsuite> <!-- scrollPage.ScrollUPAndDown -->
