<?xml version="1.0" encoding="UTF-8"?>
<!-- Generated by org.testng.reporters.JUnitReportReporter -->
<testsuite hostname="DESKTOP-7M048UE" failures="0" tests="1" name="table.TableXpath" time="12.200" errors="0" timestamp="16 Dec 2019 04:55:13 GMT" skipped="0">
  <testcase classname="table.TableXpath" name="tblDemo" time="12.200"/>
</testsuite> <!-- table.TableXpath -->
