<?xml version="1.0" encoding="UTF-8"?>
<!-- Generated by org.testng.reporters.JUnitReportReporter -->
<testsuite name="com.learnautomation.testcases.TestCaseWithoutFramework" tests="1" time="11.479" ignored="0" failures="0" timestamp="30 Dec 2019 05:36:26 GMT" skipped="0" hostname="DESKTOP-7M048UE" errors="0">
  <testcase name="test1" time="11.479" classname="com.learnautomation.testcases.TestCaseWithoutFramework"/>
</testsuite> <!-- com.learnautomation.testcases.TestCaseWithoutFramework -->
