<?xml version="1.0" encoding="UTF-8"?>
<!-- Generated by org.testng.reporters.JUnitReportReporter -->
<testsuite name="com.learnautomationtestcases.TestCaseWithoutFramework" tests="1" time="8.470" ignored="1" failures="0" timestamp="16 Jan 2020 03:54:16 GMT" skipped="0" hostname="DESKTOP-7M048UE" errors="0">
  <testcase name="test1" time="8.470" classname="com.learnautomationtestcases.TestCaseWithoutFramework"/>
  <testcase name="setUpSuite" classname="com.learnautomationpages.BaseClass">
    <skipped/>
  </testcase> <!-- setUpSuite -->
</testsuite> <!-- com.learnautomationtestcases.TestCaseWithoutFramework -->
