<?xml version="1.0" encoding="UTF-8"?>
<!-- Generated by org.testng.reporters.JUnitReportReporter -->
<testsuite name="com.learnautomationtestcases.LoginTestCRM" tests="1" time="4.302" ignored="0" failures="0" timestamp="17 Jan 2020 03:54:15 GMT" skipped="0" hostname="DESKTOP-7M048UE" errors="0">
  <testcase name="LoginApp" time="4.302" classname="com.learnautomationtestcases.LoginTestCRM"/>
</testsuite> <!-- com.learnautomationtestcases.LoginTestCRM -->
