<?xml version="1.0" encoding="UTF-8"?>
<!-- Generated by org.testng.reporters.JUnitReportReporter -->
<testsuite skipped="0" hostname="DESKTOP-7M048UE" name="test.Demo1" tests="1" failures="0" timestamp="30 Dec 2019 06:20:55 GMT" time="0.009" errors="0">
  <testcase name="test1" time="0.009" classname="test.Demo1"/>
</testsuite> <!-- test.Demo1 -->
